<?xml version="1.0" encoding="UTF-8"?>
<testsuite xmlns:xsi="http://www.w3.org/2001/XMLSchema-instance" xsi:noNamespaceSchemaLocation="https://maven.apache.org/surefire/maven-surefire-plugin/xsd/surefire-test-report.xsd" name="cz.client.AppTest" time="0.043" tests="1" errors="0" skipped="0" failures="0">
  <properties>
    <property name="java.specification.version" value="22"/>
    <property name="sun.cpu.isalist" value="amd64"/>
    <property name="sun.jnu.encoding" value="Cp1250"/>
    <property name="java.class.path" value="C:\Users\honza\Moje\leuze_task\leuze_task\countries-cities-client\target\test-classes;C:\Users\honza\Moje\leuze_task\leuze_task\countries-cities-client\target\classes;C:\Users\honza\.m2\repository\junit\junit\4.11\junit-4.11.jar;C:\Users\honza\.m2\repository\org\hamcrest\hamcrest-core\1.3\hamcrest-core-1.3.jar;C:\Users\honza\.m2\repository\com\squareup\okhttp3\okhttp\4.10.0\okhttp-4.10.0.jar;C:\Users\honza\.m2\repository\com\squareup\okio\okio-jvm\3.0.0\okio-jvm-3.0.0.jar;C:\Users\honza\.m2\repository\org\jetbrains\kotlin\kotlin-stdlib-jdk8\1.5.31\kotlin-stdlib-jdk8-1.5.31.jar;C:\Users\honza\.m2\repository\org\jetbrains\kotlin\kotlin-stdlib-jdk7\1.5.31\kotlin-stdlib-jdk7-1.5.31.jar;C:\Users\honza\.m2\repository\org\jetbrains\kotlin\kotlin-stdlib-common\1.5.31\kotlin-stdlib-common-1.5.31.jar;C:\Users\honza\.m2\repository\org\jetbrains\kotlin\kotlin-stdlib\1.6.20\kotlin-stdlib-1.6.20.jar;C:\Users\honza\.m2\repository\org\jetbrains\annotations\13.0\annotations-13.0.jar;C:\Users\honza\.m2\repository\com\google\code\gson\gson\2.10.1\gson-2.10.1.jar;C:\Users\honza\.m2\repository\org\apache\xmlgraphics\batik-transcoder\1.16\batik-transcoder-1.16.jar;C:\Users\honza\.m2\repository\org\apache\xmlgraphics\batik-anim\1.16\batik-anim-1.16.jar;C:\Users\honza\.m2\repository\org\apache\xmlgraphics\batik-parser\1.16\batik-parser-1.16.jar;C:\Users\honza\.m2\repository\org\apache\xmlgraphics\batik-svg-dom\1.16\batik-svg-dom-1.16.jar;C:\Users\honza\.m2\repository\org\apache\xmlgraphics\batik-awt-util\1.16\batik-awt-util-1.16.jar;C:\Users\honza\.m2\repository\org\apache\xmlgraphics\xmlgraphics-commons\2.7\xmlgraphics-commons-2.7.jar;C:\Users\honza\.m2\repository\commons-io\commons-io\1.3.1\commons-io-1.3.1.jar;C:\Users\honza\.m2\repository\commons-logging\commons-logging\1.0.4\commons-logging-1.0.4.jar;C:\Users\honza\.m2\repository\org\apache\xmlgraphics\batik-bridge\1.16\batik-bridge-1.16.jar;C:\Users\honza\.m2\repository\org\apache\xmlgraphics\batik-script\1.16\batik-script-1.16.jar;C:\Users\honza\.m2\repository\org\apache\xmlgraphics\batik-gvt\1.16\batik-gvt-1.16.jar;C:\Users\honza\.m2\repository\org\apache\xmlgraphics\batik-shared-resources\1.16\batik-shared-resources-1.16.jar;C:\Users\honza\.m2\repository\org\apache\xmlgraphics\batik-svggen\1.16\batik-svggen-1.16.jar;C:\Users\honza\.m2\repository\org\apache\xmlgraphics\batik-util\1.16\batik-util-1.16.jar;C:\Users\honza\.m2\repository\org\apache\xmlgraphics\batik-constants\1.16\batik-constants-1.16.jar;C:\Users\honza\.m2\repository\org\apache\xmlgraphics\batik-i18n\1.16\batik-i18n-1.16.jar;C:\Users\honza\.m2\repository\org\apache\xmlgraphics\batik-xml\1.16\batik-xml-1.16.jar;C:\Users\honza\.m2\repository\xml-apis\xml-apis-ext\1.3.04\xml-apis-ext-1.3.04.jar;C:\Users\honza\.m2\repository\org\apache\xmlgraphics\batik-codec\1.16\batik-codec-1.16.jar;C:\Users\honza\.m2\repository\org\apache\xmlgraphics\batik-dom\1.16\batik-dom-1.16.jar;C:\Users\honza\.m2\repository\org\apache\xmlgraphics\batik-css\1.16\batik-css-1.16.jar;C:\Users\honza\.m2\repository\org\apache\xmlgraphics\batik-ext\1.16\batik-ext-1.16.jar;C:\Users\honza\.m2\repository\xml-apis\xml-apis\1.4.01\xml-apis-1.4.01.jar;C:\Users\honza\.m2\repository\xerces\xercesImpl\2.12.2\xercesImpl-2.12.2.jar;"/>
    <property name="java.vm.vendor" value="Oracle Corporation"/>
    <property name="sun.arch.data.model" value="64"/>
    <property name="user.variant" value=""/>
    <property name="java.vendor.url" value="https://java.oracle.com/"/>
    <property name="user.timezone" value="Europe/Prague"/>
    <property name="os.name" value="Windows 11"/>
    <property name="java.vm.specification.version" value="22"/>
    <property name="sun.java.launcher" value="SUN_STANDARD"/>
    <property name="user.country" value="CZ"/>
    <property name="sun.boot.library.path" value="C:\Program Files\Java\jdk-22\bin"/>
    <property name="sun.java.command" value="C:\Users\honza\AppData\Local\Temp\surefire8775075107994534333\surefirebooter13651141150517595359.jar C:\Users\honza\AppData\Local\Temp\surefire8775075107994534333 2025-04-29T13-41-02_758-jvmRun1 surefire15875797728915567866tmp surefire_018378380783341474753tmp"/>
    <property name="jdk.debug" value="release"/>
    <property name="surefire.test.class.path" value="C:\Users\honza\Moje\leuze_task\leuze_task\countries-cities-client\target\test-classes;C:\Users\honza\Moje\leuze_task\leuze_task\countries-cities-client\target\classes;C:\Users\honza\.m2\repository\junit\junit\4.11\junit-4.11.jar;C:\Users\honza\.m2\repository\org\hamcrest\hamcrest-core\1.3\hamcrest-core-1.3.jar;C:\Users\honza\.m2\repository\com\squareup\okhttp3\okhttp\4.10.0\okhttp-4.10.0.jar;C:\Users\honza\.m2\repository\com\squareup\okio\okio-jvm\3.0.0\okio-jvm-3.0.0.jar;C:\Users\honza\.m2\repository\org\jetbrains\kotlin\kotlin-stdlib-jdk8\1.5.31\kotlin-stdlib-jdk8-1.5.31.jar;C:\Users\honza\.m2\repository\org\jetbrains\kotlin\kotlin-stdlib-jdk7\1.5.31\kotlin-stdlib-jdk7-1.5.31.jar;C:\Users\honza\.m2\repository\org\jetbrains\kotlin\kotlin-stdlib-common\1.5.31\kotlin-stdlib-common-1.5.31.jar;C:\Users\honza\.m2\repository\org\jetbrains\kotlin\kotlin-stdlib\1.6.20\kotlin-stdlib-1.6.20.jar;C:\Users\honza\.m2\repository\org\jetbrains\annotations\13.0\annotations-13.0.jar;C:\Users\honza\.m2\repository\com\google\code\gson\gson\2.10.1\gson-2.10.1.jar;C:\Users\honza\.m2\repository\org\apache\xmlgraphics\batik-transcoder\1.16\batik-transcoder-1.16.jar;C:\Users\honza\.m2\repository\org\apache\xmlgraphics\batik-anim\1.16\batik-anim-1.16.jar;C:\Users\honza\.m2\repository\org\apache\xmlgraphics\batik-parser\1.16\batik-parser-1.16.jar;C:\Users\honza\.m2\repository\org\apache\xmlgraphics\batik-svg-dom\1.16\batik-svg-dom-1.16.jar;C:\Users\honza\.m2\repository\org\apache\xmlgraphics\batik-awt-util\1.16\batik-awt-util-1.16.jar;C:\Users\honza\.m2\repository\org\apache\xmlgraphics\xmlgraphics-commons\2.7\xmlgraphics-commons-2.7.jar;C:\Users\honza\.m2\repository\commons-io\commons-io\1.3.1\commons-io-1.3.1.jar;C:\Users\honza\.m2\repository\commons-logging\commons-logging\1.0.4\commons-logging-1.0.4.jar;C:\Users\honza\.m2\repository\org\apache\xmlgraphics\batik-bridge\1.16\batik-bridge-1.16.jar;C:\Users\honza\.m2\repository\org\apache\xmlgraphics\batik-script\1.16\batik-script-1.16.jar;C:\Users\honza\.m2\repository\org\apache\xmlgraphics\batik-gvt\1.16\batik-gvt-1.16.jar;C:\Users\honza\.m2\repository\org\apache\xmlgraphics\batik-shared-resources\1.16\batik-shared-resources-1.16.jar;C:\Users\honza\.m2\repository\org\apache\xmlgraphics\batik-svggen\1.16\batik-svggen-1.16.jar;C:\Users\honza\.m2\repository\org\apache\xmlgraphics\batik-util\1.16\batik-util-1.16.jar;C:\Users\honza\.m2\repository\org\apache\xmlgraphics\batik-constants\1.16\batik-constants-1.16.jar;C:\Users\honza\.m2\repository\org\apache\xmlgraphics\batik-i18n\1.16\batik-i18n-1.16.jar;C:\Users\honza\.m2\repository\org\apache\xmlgraphics\batik-xml\1.16\batik-xml-1.16.jar;C:\Users\honza\.m2\repository\xml-apis\xml-apis-ext\1.3.04\xml-apis-ext-1.3.04.jar;C:\Users\honza\.m2\repository\org\apache\xmlgraphics\batik-codec\1.16\batik-codec-1.16.jar;C:\Users\honza\.m2\repository\org\apache\xmlgraphics\batik-dom\1.16\batik-dom-1.16.jar;C:\Users\honza\.m2\repository\org\apache\xmlgraphics\batik-css\1.16\batik-css-1.16.jar;C:\Users\honza\.m2\repository\org\apache\xmlgraphics\batik-ext\1.16\batik-ext-1.16.jar;C:\Users\honza\.m2\repository\xml-apis\xml-apis\1.4.01\xml-apis-1.4.01.jar;C:\Users\honza\.m2\repository\xerces\xercesImpl\2.12.2\xercesImpl-2.12.2.jar;"/>
    <property name="sun.cpu.endian" value="little"/>
    <property name="user.home" value="C:\Users\honza"/>
    <property name="user.language" value="cs"/>
    <property name="java.specification.vendor" value="Oracle Corporation"/>
    <property name="java.version.date" value="2024-03-19"/>
    <property name="java.home" value="C:\Program Files\Java\jdk-22"/>
    <property name="file.separator" value="\"/>
    <property name="basedir" value="C:\Users\honza\Moje\leuze_task\leuze_task\countries-cities-client"/>
    <property name="java.vm.compressedOopsMode" value="Zero based"/>
    <property name="line.separator" value="&#10;"/>
    <property name="java.vm.specification.vendor" value="Oracle Corporation"/>
    <property name="java.specification.name" value="Java Platform API Specification"/>
    <property name="surefire.real.class.path" value="C:\Users\honza\AppData\Local\Temp\surefire8775075107994534333\surefirebooter13651141150517595359.jar"/>
    <property name="user.script" value=""/>
    <property name="sun.management.compiler" value="HotSpot 64-Bit Tiered Compilers"/>
    <property name="java.runtime.version" value="22+36-2370"/>
    <property name="user.name" value="honza"/>
    <property name="stdout.encoding" value="Cp1250"/>
    <property name="path.separator" value=";"/>
    <property name="os.version" value="10.0"/>
    <property name="java.runtime.name" value="Java(TM) SE Runtime Environment"/>
    <property name="file.encoding" value="UTF-8"/>
    <property name="java.vm.name" value="Java HotSpot(TM) 64-Bit Server VM"/>
    <property name="localRepository" value="C:\Users\honza\.m2\repository"/>
    <property name="java.vendor.url.bug" value="https://bugreport.java.com/bugreport/"/>
    <property name="java.io.tmpdir" value="C:\Users\honza\AppData\Local\Temp\"/>
    <property name="java.version" value="22"/>
    <property name="user.dir" value="C:\Users\honza\Moje\leuze_task\leuze_task\countries-cities-client"/>
    <property name="os.arch" value="amd64"/>
    <property name="java.vm.specification.name" value="Java Virtual Machine Specification"/>
    <property name="sun.os.patch.level" value=""/>
    <property name="native.encoding" value="Cp1250"/>
    <property name="java.library.path" value="C:\Program Files\Java\jdk-22\bin;C:\WINDOWS\Sun\Java\bin;C:\WINDOWS\system32;C:\WINDOWS;C:\Program Files (x86)\Common Files\Oracle\Java\java8path;C:\Program Files (x86)\Common Files\Oracle\Java\javapath;C:\Windows\system32;C:\Windows;C:\Windows\System32\Wbem;C:\Windows\System32\WindowsPowerShell\v1.0\;C:\Windows\System32\OpenSSH\;C:\Program Files (x86)\NVIDIA Corporation\PhysX\Common;C:\Program Files\NVIDIA Corporation\NVIDIA NvDLISR;C:\MinGW\bin;C:\Program Files\GitHub CLI\;C:\Program Files\Git\cmd;C:\WINDOWS\system32;C:\WINDOWS;C:\WINDOWS\System32\Wbem;C:\WINDOWS\System32\WindowsPowerShell\v1.0\;C:\WINDOWS\System32\OpenSSH\;C:\Program Files\nodejs\;C:\Program Files\Docker\Docker\resources\bin;C:\Program Files\Microsoft SQL Server\150\Tools\Binn\;C:\Program Files\Microsoft SQL Server\Client SDK\ODBC\170\Tools\Binn\;C:\Program Files\dotnet\;C:\xampp\xampp\php;C:\composer;C:\Program Files\Apache\Maven\apache-maven-3.9.9\bin;%JAVA_HOME%\bin;C:\Users\honza\AppData\Local\Microsoft\WindowsApps;C:\Program Files\JetBrains\IntelliJ IDEA 2023.3.6\bin;;C:\Program Files\JetBrains\PyCharm 2024.1\bin;;C:\Program Files\JetBrains\PhpStorm 2024.1\bin;;C:\Users\honza\AppData\Local\Programs\MiKTeX\miktex\bin\x64\;C:\Users\honza\AppData\Local\Programs\Microsoft VS Code\bin;C:\Users\honza\AppData\Local\Pandoc\;C:\Users\honza\AppData\Roaming\npm;C:\Users\honza\.dotnet\tools;C:\Users\honza\AppData\Roaming\Composer\vendor\bin;."/>
    <property name="java.vm.info" value="mixed mode, sharing"/>
    <property name="stderr.encoding" value="Cp1250"/>
    <property name="java.vendor" value="Oracle Corporation"/>
    <property name="java.vm.version" value="22+36-2370"/>
    <property name="sun.io.unicode.encoding" value="UnicodeLittle"/>
    <property name="java.class.version" value="66.0"/>
  </properties>
  <testcase name="shouldAnswerWithTrue" classname="cz.client.AppTest" time="0.004"/>
</testsuite>